<?xml version="1.0" encoding="UTF-8"?>
<!-- Generated by org.testng.reporters.JUnitReportReporter -->
<testsuite hostname="bipin-Inspiron-5420" name="us.edu.mum.pms.service.test.OrderServiceTest" tests="1" failures="1" timestamp="12 May 2015 02:58:36 GMT" time="0.001" errors="0">
  <testcase name="orderProduct" time="0.001" classname="us.edu.mum.pms.service.test.OrderServiceTest"/>
</testsuite> <!-- us.edu.mum.pms.service.test.OrderServiceTest -->
